<?xml version="1.0" encoding="UTF-8"?>
<!-- Generated by org.testng.reporters.JUnitReportReporter -->
<testsuite skipped="0" hostname="VlatkoM-P15v"
	name="testProject.issuesgithub.IssuesTests" tests="1" failures="0"
	timestamp="01 X 2021 15:08:22 GMT" time="0.587" errors="0">
	<testcase name="closeAnIssue" time="0.587"
		classname="testProject.issuesgithub.IssuesTests" />
</testsuite> <!-- testProject.issuesgithub.IssuesTests -->
