<?xml version="1.0" encoding="UTF-8"?>
<!-- Generated by org.testng.reporters.JUnitReportReporter -->
<testsuite skipped="0" hostname="VlatkoM-P15v" name="backend.tests.IssuesTests" tests="4" failures="0" timestamp="02 X 2021 06:51:19 GMT" time="3.225" errors="0">
  <testcase name="getAllIssues" time="0.907" classname="backend.tests.IssuesTests"/>
  <testcase name="getIssueByIssueNumber" time="0.318" classname="backend.tests.IssuesTests"/>
  <testcase name="lockAndUnlockIssue" time="1.484" classname="backend.tests.IssuesTests"/>
  <testcase name="closeIssue" time="0.516" classname="backend.tests.IssuesTests"/>
</testsuite> <!-- backend.tests.IssuesTests -->
